---------- Date: 2017-07-01 14:32:23 ~ IP : 185.32.62.242 ----------
REQUEST URI : /ru-ru/dlya-zhenshchin/skidki/salerno_mini_white_v2
MOD DETAILS:
   modFile   : /var/www/user3794/data/www/en.fidelitti.com/vqmod/xml/lazyload.xml
   id        : Lazy Load
   version   : OC 2
   vqmver    : 2.5.0
   author    : Equotix

File Name    : catalog/view/theme/*/template/common/header.tpl(0)
VQModObject::applyMod - SEARCH NOT FOUND (ABORTING MOD): </head>
----------------------------------------------------------------------


---------- Date: 2017-07-01 16:33:10 ~ IP : 185.32.62.242 ----------
REQUEST URI : /dlya-zhenshchin/sumki/
MOD DETAILS:
   modFile   : /var/www/user3794/data/www/en.fidelitti.com/vqmod/xml/product_series_template_default.xml
   id        : Product Series - template - default
   version   : 1.6
   vqmver    : 2.1.6
   author    : WeDoWeb.com.au | contact@wedoweb.com.au

File Name    : catalog/view/theme/fidelitti/template/product/category.tpl(0)
VQModObject::applyMod - SEARCH NOT FOUND (SKIPPED): <a href="<?php echo $product['href']; ?>">
            <div class="sub_category__product--line"></div>
          </a>
----------------------------------------------------------------------


